0 info it worked if it ends with ok
1 verbose cli [ '/Users/justendoherty/.nvm/versions/node/v6.10.3/bin/node',
1 verbose cli   '/Users/justendoherty/.nvm/versions/node/v6.10.3/bin/npm',
1 verbose cli   'run',
1 verbose cli   'build' ]
2 info using npm@3.10.10
3 info using node@v6.10.3
4 warn invalid config loglevel="notice"
5 verbose run-script [ 'prebuild', 'build', 'postbuild' ]
6 info lifecycle fragment-header@1.0.0~prebuild: fragment-header@1.0.0
7 silly lifecycle fragment-header@1.0.0~prebuild: no script for prebuild, continuing
8 info lifecycle fragment-header@1.0.0~build: fragment-header@1.0.0
9 verbose lifecycle fragment-header@1.0.0~build: unsafe-perm in lifecycle true
10 verbose lifecycle fragment-header@1.0.0~build: PATH: /Users/justendoherty/.nvm/versions/node/v6.10.3/lib/node_modules/npm/bin/node-gyp-bin:/Users/justendoherty/Documents/nodejs/remote-render/server/packages/fragment-header/node_modules/.bin:/Users/justendoherty/Documents/nodejs/remote-render/server/packages/fragment-header/node_modules/.bin:/Users/justendoherty/Documents/nodejs/remote-render/server/packages/node_modules/.bin:/Users/justendoherty/Documents/nodejs/remote-render/server/node_modules/.bin:/Users/justendoherty/Documents/nodejs/remote-render/node_modules/.bin:/Users/justendoherty/Documents/nodejs/node_modules/.bin:/Users/justendoherty/Documents/node_modules/.bin:/Users/justendoherty/node_modules/.bin:/Users/node_modules/.bin:/node_modules/.bin:/Users/justendoherty/.nvm/versions/node/v6.10.3/bin:/usr/local/lib/node_modules/npm/node_modules/npm-lifecycle/node-gyp-bin:/Users/justendoherty/Documents/nodejs/remote-render/node_modules/.bin:/Users/justendoherty/bin:/usr/local/bin:/Users/justendoherty/.nvm/versions/node/v6.10.3/bin:/Users/justendoherty/.rvm/gems/ruby-2.4.1/bin:/Users/justendoherty/.rvm/gems/ruby-2.4.1@global/bin:/Users/justendoherty/.rvm/rubies/ruby-2.4.1/bin:/Users/justendoherty/bin:/usr/local/bin:/usr/local/bin:/usr/bin:/bin:/usr/sbin:/sbin:/usr/local/go/bin:/Users/justendoherty/.rvm/bin:/Users/justendoherty/.rvm/bin:/bin:/Users/justendoherty/.rvm/bin
11 verbose lifecycle fragment-header@1.0.0~build: CWD: /Users/justendoherty/Documents/nodejs/remote-render/server/packages/fragment-header
12 silly lifecycle fragment-header@1.0.0~build: Args: [ '-c', 'webpack -p' ]
13 silly lifecycle fragment-header@1.0.0~build: Returned: code: 2  signal: null
14 info lifecycle fragment-header@1.0.0~build: Failed to exec build script
15 verbose stack Error: fragment-header@1.0.0 build: `webpack -p`
15 verbose stack Exit status 2
15 verbose stack     at EventEmitter.<anonymous> (/Users/justendoherty/.nvm/versions/node/v6.10.3/lib/node_modules/npm/lib/utils/lifecycle.js:255:16)
15 verbose stack     at emitTwo (events.js:106:13)
15 verbose stack     at EventEmitter.emit (events.js:191:7)
15 verbose stack     at ChildProcess.<anonymous> (/Users/justendoherty/.nvm/versions/node/v6.10.3/lib/node_modules/npm/lib/utils/spawn.js:40:14)
15 verbose stack     at emitTwo (events.js:106:13)
15 verbose stack     at ChildProcess.emit (events.js:191:7)
15 verbose stack     at maybeClose (internal/child_process.js:886:16)
15 verbose stack     at Process.ChildProcess._handle.onexit (internal/child_process.js:226:5)
16 verbose pkgid fragment-header@1.0.0
17 verbose cwd /Users/justendoherty/Documents/nodejs/remote-render/server/packages/fragment-header
18 error Darwin 16.7.0
19 error argv "/Users/justendoherty/.nvm/versions/node/v6.10.3/bin/node" "/Users/justendoherty/.nvm/versions/node/v6.10.3/bin/npm" "run" "build"
20 error node v6.10.3
21 error npm  v3.10.10
22 error code ELIFECYCLE
23 error fragment-header@1.0.0 build: `webpack -p`
23 error Exit status 2
24 error Failed at the fragment-header@1.0.0 build script 'webpack -p'.
24 error Make sure you have the latest version of node.js and npm installed.
24 error If you do, this is most likely a problem with the fragment-header package,
24 error not with npm itself.
24 error Tell the author that this fails on your system:
24 error     webpack -p
24 error You can get information on how to open an issue for this project with:
24 error     npm bugs fragment-header
24 error Or if that isn't available, you can get their info via:
24 error     npm owner ls fragment-header
24 error There is likely additional logging output above.
25 verbose exit [ 1, true ]
